Determining if the pthread_create exist failed with the following output:
Change Dir: /home/funderburger/work_ws/cloud2depth_ws/build/CMakeFiles/CMakeTmp

Run Build Command:"/usr/bin/make" "cmTC_656cd/fast"
/usr/bin/make -f CMakeFiles/cmTC_656cd.dir/build.make CMakeFiles/cmTC_656cd.dir/build
make[1]: Entering directory '/home/funderburger/work_ws/cloud2depth_ws/build/CMakeFiles/CMakeTmp'
Building C object CMakeFiles/cmTC_656cd.dir/CheckSymbolExists.c.o
/usr/bin/cc    -o CMakeFiles/cmTC_656cd.dir/CheckSymbolExists.c.o   -c /home/funderburger/work_ws/cloud2depth_ws/build/CMakeFiles/CMakeTmp/CheckSymbolExists.c
Linking C executable cmTC_656cd
/usr/bin/cmake -E cmake_link_script CMakeFiles/cmTC_656cd.dir/link.txt --verbose=1
/usr/bin/cc      -rdynamic CMakeFiles/cmTC_656cd.dir/CheckSymbolExists.c.o  -o cmTC_656cd 
CMakeFiles/cmTC_656cd.dir/CheckSymbolExists.c.o: In function `main':
CheckSymbolExists.c:(.text+0x1b): undefined reference to `pthread_create'
collect2: error: ld returned 1 exit status
CMakeFiles/cmTC_656cd.dir/build.make:97: recipe for target 'cmTC_656cd' failed
make[1]: *** [cmTC_656cd] Error 1
make[1]: Leaving directory '/home/funderburger/work_ws/cloud2depth_ws/build/CMakeFiles/CMakeTmp'
Makefile:126: recipe for target 'cmTC_656cd/fast' failed
make: *** [cmTC_656cd/fast] Error 2

File /home/funderburger/work_ws/cloud2depth_ws/build/CMakeFiles/CMakeTmp/CheckSymbolExists.c:
/* */
#include <pthread.h>

int main(int argc, char** argv)
{
  (void)argv;
#ifndef pthread_create
  return ((int*)(&pthread_create))[argc];
#else
  (void)argc;
  return 0;
#endif
}

Determining if the function pthread_create exists in the pthreads failed with the following output:
Change Dir: /home/funderburger/work_ws/cloud2depth_ws/build/CMakeFiles/CMakeTmp

Run Build Command:"/usr/bin/make" "cmTC_bc94a/fast"
/usr/bin/make -f CMakeFiles/cmTC_bc94a.dir/build.make CMakeFiles/cmTC_bc94a.dir/build
make[1]: Entering directory '/home/funderburger/work_ws/cloud2depth_ws/build/CMakeFiles/CMakeTmp'
Building C object CMakeFiles/cmTC_bc94a.dir/CheckFunctionExists.c.o
/usr/bin/cc   -DCHECK_FUNCTION_EXISTS=pthread_create   -o CMakeFiles/cmTC_bc94a.dir/CheckFunctionExists.c.o   -c /usr/share/cmake-3.10/Modules/CheckFunctionExists.c
Linking C executable cmTC_bc94a
/usr/bin/cmake -E cmake_link_script CMakeFiles/cmTC_bc94a.dir/link.txt --verbose=1
/usr/bin/cc  -DCHECK_FUNCTION_EXISTS=pthread_create    -rdynamic CMakeFiles/cmTC_bc94a.dir/CheckFunctionExists.c.o  -o cmTC_bc94a -lpthreads 
/usr/bin/ld: cannot find -lpthreads
collect2: error: ld returned 1 exit status
CMakeFiles/cmTC_bc94a.dir/build.make:97: recipe for target 'cmTC_bc94a' failed
make[1]: *** [cmTC_bc94a] Error 1
make[1]: Leaving directory '/home/funderburger/work_ws/cloud2depth_ws/build/CMakeFiles/CMakeTmp'
Makefile:126: recipe for target 'cmTC_bc94a/fast' failed
make: *** [cmTC_bc94a/fast] Error 2


