coverage:0.527587890625 in scan round 0
choose view:10 add coverage:0.4912109375
scan 0 done, time=0.8351 sec
coverage:1.018798828125 in scan round 1
choose view:25 add coverage:0.00946044921875
scan 1 done, time=1.9352 sec
coverage:1.02825927734375 in scan round 2
choose view:1 add coverage:0.00079345703125
scan 2 done, time=2.9946 sec
coverage:1.029052734375 in scan round 3
choose view:27 add coverage:0.00030517578125
scan 3 done, time=4.1045 sec
coverage:1.02935791015625 in scan round 4
choose view:16 add coverage:0.00018310546875
scan 4 done, time=5.2141 sec
coverage:1.029541015625 in scan round 5
choose view:5 add coverage:0.0001220703125
scan 5 done, time=6.3245 sec
coverage:1.0296630859375 in scan round 6
choose view:6 add coverage:0.0001220703125
scan 6 done, time=7.4165 sec
coverage:1.02978515625 in scan round 7
choose view:19 add coverage:6.103515625e-05
scan 7 done, time=8.5200 sec
coverage:1.02984619140625 in scan round 8
choose view:26 add coverage:6.103515625e-05
scan 8 done, time=9.6132 sec
coverage:1.0299072265625 in scan round 9
choose view:32 add coverage:6.103515625e-05
scan 9 done, time=10.6742 sec
coverage:0.33795166015625 in scan round 0
choose view:26 add coverage:0.49249267578125
scan 0 done, time=0.6320 sec
coverage:0.8304443359375 in scan round 1
choose view:4 add coverage:0.19635009765625
scan 1 done, time=1.6439 sec
coverage:1.02679443359375 in scan round 2
choose view:17 add coverage:0.01812744140625
scan 2 done, time=2.7132 sec
coverage:1.044921875 in scan round 3
choose view:5 add coverage:0.00390625
scan 3 done, time=3.7829 sec
coverage:1.048828125 in scan round 4
choose view:8 add coverage:0.00091552734375
scan 4 done, time=4.8320 sec
coverage:1.04974365234375 in scan round 5
choose view:19 add coverage:0.0003662109375
scan 5 done, time=5.8568 sec
coverage:1.05010986328125 in scan round 6
choose view:24 add coverage:0.00030517578125
scan 6 done, time=6.8914 sec
coverage:1.0504150390625 in scan round 7
choose view:0 add coverage:0.00018310546875
scan 7 done, time=7.9246 sec
coverage:1.05059814453125 in scan round 8
choose view:16 add coverage:0.00018310546875
scan 8 done, time=8.9575 sec
coverage:1.05078125 in scan round 9
choose view:3 add coverage:0.0001220703125
scan 9 done, time=10.0092 sec
coverage:0.49871826171875 in scan round 0
choose view:4 add coverage:0.5042724609375
scan 0 done, time=0.6911 sec
coverage:1.00299072265625 in scan round 1
choose view:10 add coverage:0.03515625
scan 1 done, time=1.6567 sec
coverage:1.03814697265625 in scan round 2
choose view:30 add coverage:0.00341796875
scan 2 done, time=2.6506 sec
coverage:1.04156494140625 in scan round 3
choose view:5 add coverage:0.0008544921875
scan 3 done, time=3.6452 sec
coverage:1.04241943359375 in scan round 4
choose view:19 add coverage:0.0003662109375
scan 4 done, time=4.6492 sec
coverage:1.04278564453125 in scan round 5
choose view:16 add coverage:0.00030517578125
scan 5 done, time=5.6431 sec
coverage:1.0430908203125 in scan round 6
choose view:18 add coverage:0.00030517578125
scan 6 done, time=6.6263 sec
coverage:1.04339599609375 in scan round 7
choose view:2 add coverage:0.0001220703125
scan 7 done, time=7.5986 sec
coverage:1.04351806640625 in scan round 8
choose view:0 add coverage:6.103515625e-05
scan 8 done, time=8.6086 sec
coverage:1.0435791015625 in scan round 9
choose view:27 add coverage:6.103515625e-05
scan 9 done, time=9.5834 sec
coverage:0.37921142578125 in scan round 0
choose view:30 add coverage:0.5133056640625
scan 0 done, time=0.7013 sec
coverage:0.89251708984375 in scan round 1
choose view:1 add coverage:0.14154052734375
scan 1 done, time=1.7779 sec
coverage:1.0340576171875 in scan round 2
choose view:5 add coverage:0.000732421875
scan 2 done, time=3.0631 sec
coverage:1.0347900390625 in scan round 3
choose view:27 add coverage:0.00042724609375
scan 3 done, time=4.3895 sec
coverage:1.03521728515625 in scan round 4
choose view:19 add coverage:0.0003662109375
scan 4 done, time=5.6839 sec
coverage:1.03558349609375 in scan round 5
choose view:16 add coverage:0.00030517578125
scan 5 done, time=6.9842 sec
coverage:1.035888671875 in scan round 6
choose view:26 add coverage:0.000244140625
scan 6 done, time=8.2990 sec
coverage:1.0361328125 in scan round 7
choose view:3 add coverage:0.0001220703125
scan 7 done, time=9.5578 sec
coverage:1.0362548828125 in scan round 8
choose view:12 add coverage:0.0001220703125
scan 8 done, time=10.8602 sec
coverage:1.036376953125 in scan round 9
choose view:2 add coverage:6.103515625e-05
scan 9 done, time=12.1133 sec
coverage:0.48931884765625 in scan round 0
choose view:28 add coverage:0.47735595703125
scan 0 done, time=0.6634 sec
coverage:0.9666748046875 in scan round 1
choose view:18 add coverage:0.06976318359375
scan 1 done, time=1.6755 sec
coverage:1.03643798828125 in scan round 2
choose view:5 add coverage:0.0003662109375
scan 2 done, time=2.7778 sec
coverage:1.03680419921875 in scan round 3
choose view:27 add coverage:0.00030517578125
scan 3 done, time=3.9085 sec
coverage:1.037109375 in scan round 4
choose view:24 add coverage:0.000244140625
scan 4 done, time=5.0374 sec
coverage:1.037353515625 in scan round 5
choose view:2 add coverage:0.0001220703125
scan 5 done, time=6.1415 sec
coverage:1.0374755859375 in scan round 6
choose view:6 add coverage:0.0001220703125
scan 6 done, time=7.2506 sec
coverage:1.03759765625 in scan round 7
choose view:12 add coverage:0.0001220703125
scan 7 done, time=8.3304 sec
coverage:1.0377197265625 in scan round 8
choose view:19 add coverage:0.0001220703125
scan 8 done, time=9.4366 sec
coverage:1.037841796875 in scan round 9
choose view:11 add coverage:6.103515625e-05
scan 9 done, time=10.5495 sec
coverage:0.18487548828125 in scan round 0
choose view:26 add coverage:0.50189208984375
scan 0 done, time=0.7095 sec
coverage:0.686767578125 in scan round 1
choose view:8 add coverage:0.335205078125
scan 1 done, time=1.7634 sec
coverage:1.02197265625 in scan round 2
choose view:10 add coverage:0.02301025390625
scan 2 done, time=3.1047 sec
coverage:1.04498291015625 in scan round 3
choose view:32 add coverage:0.00579833984375
scan 3 done, time=4.4921 sec
coverage:1.05078125 in scan round 4
choose view:18 add coverage:0.00030517578125
scan 4 done, time=5.8247 sec
coverage:1.05108642578125 in scan round 5
choose view:16 add coverage:0.00018310546875
scan 5 done, time=7.2131 sec
coverage:1.05126953125 in scan round 6
choose view:3 add coverage:0.0001220703125
scan 6 done, time=8.5829 sec
coverage:1.0513916015625 in scan round 7
choose view:5 add coverage:0.0001220703125
scan 7 done, time=9.9301 sec
coverage:1.051513671875 in scan round 8
choose view:17 add coverage:0.0001220703125
scan 8 done, time=11.3230 sec
coverage:1.0516357421875 in scan round 9
choose view:11 add coverage:6.103515625e-05
scan 9 done, time=12.6641 sec
coverage:0.49493408203125 in scan round 0
choose view:16 add coverage:0.4705810546875
scan 0 done, time=0.7156 sec
coverage:0.96551513671875 in scan round 1
choose view:18 add coverage:0.06982421875
scan 1 done, time=1.7829 sec
coverage:1.03533935546875 in scan round 2
choose view:27 add coverage:0.00042724609375
scan 2 done, time=2.8648 sec
coverage:1.0357666015625 in scan round 3
choose view:5 add coverage:0.0003662109375
scan 3 done, time=4.0349 sec
coverage:1.0361328125 in scan round 4
choose view:4 add coverage:0.00030517578125
scan 4 done, time=5.1593 sec
coverage:1.03643798828125 in scan round 5
choose view:24 add coverage:0.000244140625
scan 5 done, time=6.2606 sec
coverage:1.03668212890625 in scan round 6
choose view:2 add coverage:0.0001220703125
scan 6 done, time=7.3535 sec
coverage:1.03680419921875 in scan round 7
choose view:12 add coverage:0.0001220703125
scan 7 done, time=8.4607 sec
coverage:1.03692626953125 in scan round 8
choose view:19 add coverage:0.0001220703125
scan 8 done, time=9.6080 sec
coverage:1.03704833984375 in scan round 9
choose view:11 add coverage:6.103515625e-05
scan 9 done, time=10.7325 sec
coverage:0.47515869140625 in scan round 0
choose view:30 add coverage:0.51446533203125
scan 0 done, time=0.6718 sec
coverage:0.9896240234375 in scan round 1
choose view:17 add coverage:0.0538330078125
scan 1 done, time=1.7239 sec
coverage:1.04345703125 in scan round 2
choose view:11 add coverage:0.00048828125
scan 2 done, time=2.8558 sec
coverage:1.0439453125 in scan round 3
choose view:16 add coverage:0.00030517578125
scan 3 done, time=3.9612 sec
coverage:1.04425048828125 in scan round 4
choose view:27 add coverage:0.00018310546875
scan 4 done, time=5.0940 sec
coverage:1.04443359375 in scan round 5
choose view:32 add coverage:0.00018310546875
scan 5 done, time=6.2135 sec
coverage:1.04461669921875 in scan round 6
choose view:6 add coverage:6.103515625e-05
scan 6 done, time=7.3096 sec
coverage:1.044677734375 in scan round 7
choose view:7 add coverage:6.103515625e-05
scan 7 done, time=8.4315 sec
coverage:1.04473876953125 in scan round 8
choose view:19 add coverage:6.103515625e-05
scan 8 done, time=9.5437 sec
coverage:1.0447998046875 in scan round 9
choose view:26 add coverage:6.103515625e-05
scan 9 done, time=10.6526 sec
coverage:0.50909423828125 in scan round 0
choose view:30 add coverage:0.5096435546875
scan 0 done, time=0.7191 sec
coverage:1.01873779296875 in scan round 1
choose view:25 add coverage:0.00946044921875
scan 1 done, time=1.8297 sec
coverage:1.0281982421875 in scan round 2
choose view:1 add coverage:0.00079345703125
scan 2 done, time=2.9455 sec
coverage:1.02899169921875 in scan round 3
choose view:27 add coverage:0.00030517578125
scan 3 done, time=4.0579 sec
coverage:1.029296875 in scan round 4
choose view:16 add coverage:0.00018310546875
scan 4 done, time=5.1577 sec
coverage:1.02947998046875 in scan round 5
choose view:5 add coverage:0.0001220703125
scan 5 done, time=6.2605 sec
coverage:1.02960205078125 in scan round 6
choose view:6 add coverage:0.0001220703125
scan 6 done, time=7.3515 sec
coverage:1.02972412109375 in scan round 7
choose view:19 add coverage:6.103515625e-05
scan 7 done, time=8.4402 sec
coverage:1.02978515625 in scan round 8
choose view:26 add coverage:6.103515625e-05
scan 8 done, time=9.5241 sec
coverage:1.02984619140625 in scan round 9
choose view:32 add coverage:6.103515625e-05
scan 9 done, time=10.6319 sec
coverage:0.37384033203125 in scan round 0
choose view:30 add coverage:0.51483154296875
scan 0 done, time=0.6506 sec
coverage:0.888671875 in scan round 1
choose view:17 add coverage:0.1497802734375
scan 1 done, time=1.7122 sec
coverage:1.0384521484375 in scan round 2
choose view:5 add coverage:0.000732421875
scan 2 done, time=3.0095 sec
coverage:1.0391845703125 in scan round 3
choose view:16 add coverage:0.0003662109375
scan 3 done, time=4.3495 sec
coverage:1.03955078125 in scan round 4
choose view:19 add coverage:0.0003662109375
scan 4 done, time=5.6710 sec
coverage:1.0399169921875 in scan round 5
choose view:6 add coverage:0.0001220703125
scan 5 done, time=7.0083 sec
coverage:1.0400390625 in scan round 6
choose view:12 add coverage:0.0001220703125
scan 6 done, time=8.3485 sec
coverage:1.0401611328125 in scan round 7
choose view:27 add coverage:0.0001220703125
scan 7 done, time=9.6643 sec
coverage:1.040283203125 in scan round 8
choose view:24 add coverage:6.103515625e-05
scan 8 done, time=10.9832 sec
coverage:1.04034423828125 in scan round 9
choose view:0 add coverage:0
scan 9 done, time=12.3642 sec
